<?xml version="1.0" encoding="UTF-8"?>
<!-- Generated by org.testng.reporters.JUnitReportReporter -->
<testsuite hostname="DESKTOP-OK2QNVE" failures="0" tests="2" name="Testpack.TestClass" time="56.623" errors="0" timestamp="2022-02-02T19:58:33 IST" skipped="0">
  <testcase classname="Testpack.TestClass" name="verifyorder" time="33.589"/>
  <system-out/>
  <testcase classname="Testpack.TestClass" name="verifydashboard" time="23.034"/>
  <system-out/>
</testsuite> <!-- Testpack.TestClass -->
